<?xml version="1.0" encoding="UTF-8"?>
<!-- Generated by org.testng.reporters.JUnitReportReporter -->
<testsuite hostname="MSI" failures="0" tests="3" name="practice.PracticeTestNgPriority" time="0.026" errors="0" timestamp="2024-03-07T14:27:11 IST" skipped="0">
  <testcase classname="practice.PracticeTestNgPriority" name="modifyContact" time="0.020"/>
  <system-out/>
  <testcase classname="practice.PracticeTestNgPriority" name="createContact" time="0.003"/>
  <system-out/>
  <testcase classname="practice.PracticeTestNgPriority" name="deleteContact" time="0.003"/>
  <system-out/>
</testsuite> <!-- practice.PracticeTestNgPriority -->
