<?xml version="1.0" encoding="UTF-8"?>
<!-- Generated by org.testng.reporters.JUnitReportReporter -->
<testsuite hostname="MSI" failures="0" tests="6" name="practice.PracticeTestNgInvocationCount" time="0.024" errors="0" timestamp="2024-03-07T14:40:57 IST" skipped="0">
  <testcase classname="practice.PracticeTestNgInvocationCount" name="editLead" time="0.001"/>
  <system-out/>
  <testcase classname="practice.PracticeTestNgInvocationCount" name="createLead" time="0.012"/>
  <system-out/>
  <testcase classname="practice.PracticeTestNgInvocationCount" name="createLead" time="0.002"/>
  <system-out/>
  <testcase classname="practice.PracticeTestNgInvocationCount" name="deleteLead" time="0.002"/>
  <system-out/>
  <testcase classname="practice.PracticeTestNgInvocationCount" name="editLead" time="0.002"/>
  <system-out/>
  <testcase classname="practice.PracticeTestNgInvocationCount" name="editLead" time="0.005"/>
  <system-out/>
</testsuite> <!-- practice.PracticeTestNgInvocationCount -->
