<?xml version="1.0" encoding="UTF-8"?>
<!-- Generated by org.testng.reporters.JUnitReportReporter -->
<testsuite hostname="MSI" failures="0" tests="1" name="practice.AssertPractice" time="0.017" errors="0" timestamp="2024-03-12T15:13:34 IST" skipped="0">
  <testcase classname="practice.AssertPractice" name="sample" time="0.017"/>
</testsuite> <!-- practice.AssertPractice -->
