<?xml version="1.0" encoding="UTF-8"?>
<!-- Generated by org.testng.reporters.JUnitReportReporter -->
<testsuite hostname="MSI" failures="0" tests="1" name="contactsTests.CreateNewContactTest" time="20.328" errors="0" timestamp="2024-03-28T14:21:03 IST" skipped="0">
  <testcase classname="contactsTests.CreateNewContactTest" name="CreateNewContactWithMandatoryFields" time="20.328"/>
</testsuite> <!-- contactsTests.CreateNewContactTest -->
