<?xml version="1.0" encoding="UTF-8"?>
<!-- Generated by org.testng.reporters.JUnitReportReporter -->
<testsuite hostname="MSI" failures="0" tests="2" name="practice.TestNgPractice" time="0.033" errors="0" timestamp="2024-03-06T14:33:30 IST" skipped="0">
  <testcase classname="practice.TestNgPractice" name="sample" time="0.031"/>
  <system-out/>
  <testcase classname="practice.TestNgPractice" name="sample1" time="0.002"/>
  <system-out/>
</testsuite> <!-- practice.TestNgPractice -->
