<?xml version="1.0" encoding="UTF-8"?>
<!-- Generated by org.testng.reporters.JUnitReportReporter -->
<testsuite hostname="MSI" failures="0" tests="1" name="LeadsTest.CreateLeads" time="6.775" errors="0" timestamp="2024-03-17T12:13:01 IST" skipped="0">
  <testcase classname="LeadsTest.CreateLeads" name="createLeadsWithMandatoryFields" time="6.775"/>
</testsuite> <!-- LeadsTest.CreateLeads -->
